<?xml version="1.0" encoding="UTF-8"?>
<!-- Generated by org.testng.reporters.JUnitXMLReporter -->
<testsuite ignored="0" hostname="DESKTOP-NAVVCOA" failures="0" tests="6" name="Browser Chrome" time="16.284" errors="0" timestamp="2023-03-04T07:48:33 IST">
  <testcase classname="com.bridgelabz.test.WebinarScreenDataProvider" name="WebinarScreen" time="5.8"/>
  <testcase classname="com.bridgelabz.test.WebinarScreenDataProvider" name="WebinarScreen" time="3.58"/>
  <testcase classname="com.bridgelabz.test.WebinarScreenDataProvider" name="WebinarScreen" time="3.291"/>
  <testcase classname="com.bridgelabz.test.WebinarScreenDataProvider" name="phoneNo" time="0.897"/>
  <testcase classname="com.bridgelabz.test.WebinarScreenDataProvider" name="phoneNo" time="0.884"/>
  <testcase classname="com.bridgelabz.test.WebinarScreenDataProvider" name="phoneNo" time="0.962"/>
</testsuite> <!-- Browser Chrome -->
