<?xml version="1.0" encoding="UTF-8"?>
<testng-results ignored="0" total="8" passed="8" failed="0" skipped="0">
  <reporter-output>
  </reporter-output>
  <suite started-at="2023-03-04T07:47:55 IST" name="All Test Suite" finished-at="2023-03-04T07:48:33 IST" duration-ms="38117">
    <groups>
    </groups>
    <test started-at="2023-03-04T07:47:55 IST" name="Browser firefox" finished-at="2023-03-04T07:48:02 IST" duration-ms="7152">
      <class name="com.bridgelabz.test.FbLoginUsingRobotClass">
        <test-method is-config="true" signature="setUp(java.lang.String)[pri:0, instance:com.bridgelabz.test.FbLoginUsingRobotClass@29176cc1]" started-at="2023-03-04T07:47:55 IST" name="setUp" finished-at="2023-03-04T07:47:58 IST" duration-ms="3405" status="PASS">
          <params>
            <param index="0">
              <value>
                <![CDATA[FireFox]]>
              </value>
            </param>
          </params>
          <reporter-output>
          </reporter-output>
        </test-method> <!-- setUp -->
        <test-method signature="RobotClass()[pri:0, instance:com.bridgelabz.test.FbLoginUsingRobotClass@29176cc1]" started-at="2023-03-04T07:47:58 IST" name="RobotClass" finished-at="2023-03-04T07:48:01 IST" duration-ms="3016" status="PASS">
          <reporter-output>
          </reporter-output>
        </test-method> <!-- RobotClass -->
        <test-method is-config="true" signature="TearDown()[pri:0, instance:com.bridgelabz.test.FbLoginUsingRobotClass@29176cc1]" started-at="2023-03-04T07:48:01 IST" name="TearDown" finished-at="2023-03-04T07:48:02 IST" duration-ms="706" status="PASS">
          <reporter-output>
          </reporter-output>
        </test-method> <!-- TearDown -->
      </class> <!-- com.bridgelabz.test.FbLoginUsingRobotClass -->
    </test> <!-- Browser firefox -->
    <test started-at="2023-03-04T07:48:02 IST" name="Browser chrome" finished-at="2023-03-04T07:48:16 IST" duration-ms="14651">
      <class name="com.bridgelabz.test.JavaScriptExecutor">
        <test-method is-config="true" signature="setUp(java.lang.String)[pri:0, instance:com.bridgelabz.test.JavaScriptExecutor@1f3f4916]" started-at="2023-03-04T07:48:02 IST" name="setUp" finished-at="2023-03-04T07:48:03 IST" duration-ms="1233" status="PASS">
          <params>
            <param index="0">
              <value>
                <![CDATA[Chrome]]>
              </value>
            </param>
          </params>
          <reporter-output>
          </reporter-output>
        </test-method> <!-- setUp -->
        <test-method signature="Execute()[pri:0, instance:com.bridgelabz.test.JavaScriptExecutor@1f3f4916]" started-at="2023-03-04T07:48:03 IST" name="Execute" description="Demo of JavaScriptExecutor" finished-at="2023-03-04T07:48:16 IST" duration-ms="13120" status="PASS">
          <reporter-output>
          </reporter-output>
        </test-method> <!-- Execute -->
        <test-method is-config="true" signature="TearDown()[pri:0, instance:com.bridgelabz.test.JavaScriptExecutor@1f3f4916]" started-at="2023-03-04T07:48:16 IST" name="TearDown" finished-at="2023-03-04T07:48:16 IST" duration-ms="297" status="PASS">
          <reporter-output>
          </reporter-output>
        </test-method> <!-- TearDown -->
      </class> <!-- com.bridgelabz.test.JavaScriptExecutor -->
    </test> <!-- Browser chrome -->
    <test started-at="2023-03-04T07:48:17 IST" name="Browser Chrome" finished-at="2023-03-04T07:48:33 IST" duration-ms="16284">
      <class name="com.bridgelabz.test.WebinarScreenDataProvider">
        <test-method is-config="true" signature="setUp(java.lang.String)[pri:0, instance:com.bridgelabz.test.WebinarScreenDataProvider@3967e60c]" started-at="2023-03-04T07:48:17 IST" name="setUp" finished-at="2023-03-04T07:48:17 IST" duration-ms="799" status="PASS">
          <params>
            <param index="0">
              <value>
                <![CDATA[Chrome]]>
              </value>
            </param>
          </params>
          <reporter-output>
          </reporter-output>
        </test-method> <!-- setUp -->
        <test-method signature="WebinarScreen(java.lang.String,java.lang.String,java.lang.String)[pri:0, instance:com.bridgelabz.test.WebinarScreenDataProvider@3967e60c]" started-at="2023-03-04T07:48:17 IST" name="WebinarScreen" description="Webinar Screen Automation" data-provider="dataProvider" finished-at="2023-03-04T07:48:23 IST" duration-ms="5800" status="PASS">
          <params>
            <param index="0">
              <value>
                <![CDATA[7896573322]]>
              </value>
            </param>
            <param index="1">
              <value>
                <![CDATA[sam@gmail.com]]>
              </value>
            </param>
            <param index="2">
              <value>
                <![CDATA[sam]]>
              </value>
            </param>
          </params>
          <reporter-output>
          </reporter-output>
        </test-method> <!-- WebinarScreen -->
        <test-method signature="WebinarScreen(java.lang.String,java.lang.String,java.lang.String)[pri:0, instance:com.bridgelabz.test.WebinarScreenDataProvider@3967e60c]" started-at="2023-03-04T07:48:23 IST" name="WebinarScreen" description="Webinar Screen Automation" data-provider="dataProvider" finished-at="2023-03-04T07:48:27 IST" duration-ms="3580" status="PASS">
          <params>
            <param index="0">
              <value>
                <![CDATA[7898373323]]>
              </value>
            </param>
            <param index="1">
              <value>
                <![CDATA[yash@gmail.com]]>
              </value>
            </param>
            <param index="2">
              <value>
                <![CDATA[yash]]>
              </value>
            </param>
          </params>
          <reporter-output>
          </reporter-output>
        </test-method> <!-- WebinarScreen -->
        <test-method signature="WebinarScreen(java.lang.String,java.lang.String,java.lang.String)[pri:0, instance:com.bridgelabz.test.WebinarScreenDataProvider@3967e60c]" started-at="2023-03-04T07:48:27 IST" name="WebinarScreen" description="Webinar Screen Automation" data-provider="dataProvider" finished-at="2023-03-04T07:48:30 IST" duration-ms="3291" status="PASS">
          <params>
            <param index="0">
              <value>
                <![CDATA[7855573311]]>
              </value>
            </param>
            <param index="1">
              <value>
                <![CDATA[sara@gmail.com]]>
              </value>
            </param>
            <param index="2">
              <value>
                <![CDATA[sara]]>
              </value>
            </param>
          </params>
          <reporter-output>
          </reporter-output>
        </test-method> <!-- WebinarScreen -->
        <test-method signature="phoneNo(java.lang.String)[pri:0, instance:com.bridgelabz.test.WebinarScreenDataProvider@3967e60c]" started-at="2023-03-04T07:48:30 IST" name="phoneNo" data-provider="dataProvider" finished-at="2023-03-04T07:48:31 IST" duration-ms="897" status="PASS">
          <params>
            <param index="0">
              <value>
                <![CDATA[7896573322]]>
              </value>
            </param>
          </params>
          <reporter-output>
          </reporter-output>
        </test-method> <!-- phoneNo -->
        <test-method signature="phoneNo(java.lang.String)[pri:0, instance:com.bridgelabz.test.WebinarScreenDataProvider@3967e60c]" started-at="2023-03-04T07:48:31 IST" name="phoneNo" data-provider="dataProvider" finished-at="2023-03-04T07:48:32 IST" duration-ms="884" status="PASS">
          <params>
            <param index="0">
              <value>
                <![CDATA[7898373323]]>
              </value>
            </param>
          </params>
          <reporter-output>
          </reporter-output>
        </test-method> <!-- phoneNo -->
        <test-method signature="phoneNo(java.lang.String)[pri:0, instance:com.bridgelabz.test.WebinarScreenDataProvider@3967e60c]" started-at="2023-03-04T07:48:32 IST" name="phoneNo" data-provider="dataProvider" finished-at="2023-03-04T07:48:33 IST" duration-ms="962" status="PASS">
          <params>
            <param index="0">
              <value>
                <![CDATA[7855573311]]>
              </value>
            </param>
          </params>
          <reporter-output>
          </reporter-output>
        </test-method> <!-- phoneNo -->
        <test-method is-config="true" signature="TearDown()[pri:0, instance:com.bridgelabz.test.WebinarScreenDataProvider@3967e60c]" started-at="2023-03-04T07:48:33 IST" name="TearDown" finished-at="2023-03-04T07:48:33 IST" duration-ms="69" status="PASS">
          <reporter-output>
          </reporter-output>
        </test-method> <!-- TearDown -->
      </class> <!-- com.bridgelabz.test.WebinarScreenDataProvider -->
    </test> <!-- Browser Chrome -->
  </suite> <!-- All Test Suite -->
</testng-results>
